* using log directory ‘/mnt/c/Users/singu/OneDrive/Hong Consulting/AutoScript/AutoScript.Rcheck’
* using R version 4.5.0 (2025-04-11)
* using platform: x86_64-pc-linux-gnu
* R was compiled by
    gcc (Ubuntu 13.3.0-6ubuntu2~24.04) 13.3.0
    GNU Fortran (Ubuntu 13.3.0-6ubuntu2~24.04) 13.3.0
* running under: Ubuntu 24.04.1 LTS
* using session charset: UTF-8
* checking for file ‘AutoScript/DESCRIPTION’ ... OK
* this is package ‘AutoScript’ version ‘0.0.2’
* package encoding: UTF-8
* checking package namespace information ... OK
* checking package dependencies ... OK
* checking if this is a source package ... OK
* checking if there is a namespace ... OK
* checking for executable files ... OK
* checking for hidden files and directories ... OK
* checking for portable file names ... OK
* checking for sufficient/correct file permissions ... OK
* checking whether package ‘AutoScript’ can be installed ... OK
* checking installed package size ... OK
* checking package directory ... OK
* checking DESCRIPTION meta-information ... OK
* checking top-level files ... OK
* checking for left-over files ... OK
* checking index information ... OK
* checking package subdirectories ... OK
* checking code files for non-ASCII characters ... OK
* checking R files for syntax errors ... OK
* checking whether the package can be loaded ... OK
* checking whether the package can be loaded with stated dependencies ... OK
* checking whether the package can be unloaded cleanly ... OK
* checking whether the namespace can be loaded with stated dependencies ... OK
* checking whether the namespace can be unloaded cleanly ... OK
* checking loading without being on the library search path ... OK
* checking dependencies in R code ... OK
* checking S3 generic/method consistency ... OK
* checking replacement functions ... OK
* checking foreign function calls ... OK
* checking R code for possible problems ... OK
* checking Rd files ... OK
* checking Rd metadata ... OK
* checking Rd cross-references ... OK
* checking for missing documentation entries ... OK
* checking for code/documentation mismatches ... OK
* checking Rd \usage sections ... OK
* checking Rd contents ... OK
* checking for unstated dependencies in examples ... OK
* checking examples ... ERROR
Running examples in ‘AutoScript-Ex.R’ failed
The error most likely occurred in:

> ### Name: AS.basetable.TTE
> ### Title: Baseline characteristics table functions
> ### Aliases: AS.basetable.TTE
> 
> ### ** Examples
> 
> library(AutoScript)
> library(survival)
> data <- survival::veteran
> table1 <- AS.basetable.create(group = data$trt - 1,
+                               name = c("Control", "Experimental"))
> table1 <- AS.basetable.linear("Age (years), mean \u00B1 SD", data$age,
+                               table1, digits.fixed = 1)
> table1 <- AS.basetable.blank("Histology:", table1)
> table1 <- AS.basetable.binary("- Non-small cell, n (%)",
+                               data$celltype != "smallcell", table1)
> table1 <- AS.basetable.binary("  - Adenocarcinoma, n (%)",
+                               data$celltype == "adeno", table1,
+                               subset.mask = data$celltype != "smallcell")
> table1 <- AS.basetable.binary("  - Squamous, n (%)",
+                               data$celltype == "squamous", table1,
+                               subset.mask = data$celltype != "smallcell")
> table1 <- AS.basetable.binary("  - Large cell, n (%)",
+                               data$celltype == "large", table1,
+                               subset.mask = data$celltype != "smallcell")
> table1 <- AS.basetable.binary("- Small cell, n (%)",
+                               data$celltype == "smallcell", table1,
+                               p.values = F)
Error in AS.basetable.binary("- Small cell, n (%)", data$celltype == "smallcell",  : 
  F used instead of FALSE
Execution halted
* checking PDF version of manual ... OK
* DONE
Status: 1 ERROR
